
dur: 327.367
init position:     7.1860    6.2107   15.0000
num steps: 2635
minz : 4.24154
kin_loss: 4.29474%


dur: 332.723
init position:     5.2335    2.7325   15.0000
num steps: 2673
minz : 4.04103
kin_loss: 76.1363%


dur: 336.145
init position:     9.2209    3.5487   15.0000
num steps: 2717
minz : 4.38415
kin_loss: 3.4154%


dur: 241.485
init position:     9.5524    2.7731   15.0000
num steps: 1858
minz : 4.04447
kin_loss: 21.501%


dur: 308.553
init position:     8.8499    2.8357   15.0000
num steps: 2352
minz : 4.11483
kin_loss: 2.40906%


dur: 738.16
init position:     8.1541    2.8166   15.0000
num steps: 6001
minz : 4.1122
kin_loss: 0.393835%


dur: 490.95
init position:     8.1113    6.5989   15.0000
num steps: 3735
minz : 4.23437
kin_loss: 3.19628%


dur: 236.337
init position:     9.1778    5.1177   15.0000
num steps: 1834
minz : 4.49292
kin_loss: 2.04764%


dur: 450.887
init position:     8.5241    6.9384   15.0000
num steps: 3444
minz : 4.04737
kin_loss: 11.8225%


dur: 382.446
init position:     6.5353    5.0878   15.0000
num steps: 2959
minz : 4.28848
kin_loss: 6.32247%


dur: 245.695
init position:    10.5040    5.1201   15.0000
num steps: 1907
minz : 4.0489
kin_loss: 9.50319%


dur: 793.636
init position:     5.7925    3.5473   15.0000
num steps: 6001
minz : 4.04092
kin_loss: 54.8445%


dur: 379.831
init position:    10.3085    6.4919   15.0000
num steps: 2915
minz : 4.04074
kin_loss: 78.7272%


dur: 265.276
init position:     9.4462    4.4108   15.0000
num steps: 2069
minz : 4.44566
kin_loss: 1.01976%


dur: 283.97
init position:     9.9183    3.0581   15.0000
num steps: 2212
minz : 4.04391
kin_loss: 37.1267%


dur: 458.452
init position:    11.5994    7.0633   15.0000
num steps: 3580
minz : 4.03995
kin_loss: 73.4643%


dur: 338.132
init position:     6.3845    3.5051   15.0000
num steps: 2614
minz : 4.04373
kin_loss: 32.0091%


dur: 283.114
init position:     4.7598    2.4059   15.0000
num steps: 2198
minz : 4.04139
kin_loss: 48.0304%


dur: 504.251
init position:     9.6272    3.5569   15.0000
num steps: 3883
minz : 4.19192
kin_loss: 0.053417%


dur: 342.898
init position:    11.3871    6.2829   15.0000
num steps: 2657
minz : 4.04118
kin_loss: 81.0115%


dur: 353.159
init position:     9.8730    5.0445   15.0000
num steps: 2717
minz : 4.31343
kin_loss: 2.0062%


dur: 666.002
init position:     9.8106    3.8772   15.0000
num steps: 5218
minz : 4.19131
kin_loss: 2.43246%


dur: 322.386
init position:     7.3904    6.0859   15.0000
num steps: 2506
minz : 4.30675
kin_loss: 0.73073%


dur: 604.243
init position:     6.7882    3.5609   15.0000
num steps: 4652
minz : 4.20007
kin_loss: 6.11596%


dur: 226.955
init position:     9.0259    5.2536   15.0000
num steps: 1770
minz : 4.55734
kin_loss: 3.76886%


dur: 263.07
init position:     6.8055    6.4230   15.0000
num steps: 2034
minz : 4.05893
kin_loss: 3.92907%


dur: 203.857
init position:     8.0761    4.9456   15.0000
num steps: 1579
minz : 4.62619
kin_loss: 1.66207%


dur: 215.36
init position:     8.8339    5.1644   15.0000
num steps: 1678
minz : 4.6056
kin_loss: 5.03689%


dur: 238.259
init position:     9.0787    5.3469   15.0000
num steps: 1836
minz : 4.56515
kin_loss: 6.16677%


dur: 401.645
init position:    11.6867    6.2902   15.0000
num steps: 3135
minz : 4.04253
kin_loss: 63.3542%


dur: 267.53
init position:     9.1936    3.9505   15.0000
num steps: 2091
minz : 4.44583
kin_loss: 2.28452%


dur: 399.589
init position:    11.4760    5.8082   15.0000
num steps: 3096
minz : 4.04111
kin_loss: 53.4322%


dur: 300.031
init position:    10.1108    4.5455   15.0000
num steps: 2316
minz : 4.18072
kin_loss: 0.672176%


dur: 350.928
init position:     9.9942    4.4903   15.0000
num steps: 2708
minz : 4.24553
kin_loss: 0.400868%


dur: 371.031
init position:     9.7020    3.5025   15.0000
num steps: 2835
minz : 4.12487
kin_loss: -0.367976%


dur: 338.586
init position:     7.2177    3.7060   15.0000
num steps: 2567
minz : 4.38141
kin_loss: 1.92049%


dur: 767.288
init position:     9.9565    3.5811   15.0000
num steps: 6001
minz : 4.09575
kin_loss: 2.37055%


dur: 312.242
init position:     7.5198    3.0549   15.0000
num steps: 2408
minz : 4.17365
kin_loss: 4.46217%


dur: 235.458
init position:     7.2906    4.4072   15.0000
num steps: 1832
minz : 4.49884
kin_loss: 1.50207%


dur: 228.519
init position:     7.4714    5.3097   15.0000
num steps: 1781
minz : 4.58729
kin_loss: 3.34625%


dur: 398.358
init position:     9.9243    3.4458   15.0000
num steps: 3075
minz : 4.0709
kin_loss: 5.43237%


dur: 344.272
init position:    10.4505    7.0399   15.0000
num steps: 2677
minz : 4.0414
kin_loss: 63.3522%


dur: 637.843
init position:     8.3668    6.6527   15.0000
num steps: 4943
minz : 4.16597
kin_loss: -0.885249%


dur: 624.098
init position:     6.4976    5.8108   15.0000
num steps: 4905
minz : 4.10144
kin_loss: 5.16085%


dur: 544.238
init position:    11.6891    6.2520   15.0000
num steps: 4212
minz : 4.04012
kin_loss: 69.7671%


dur: 294.202
init position:     9.9776    6.6120   15.0000
num steps: 2254
minz : 4.04156
kin_loss: 60.0458%


dur: 291.357
init position:    10.2748    4.3885   15.0000
num steps: 2244
minz : 4.13171
kin_loss: 4.48562%


dur: 408.574
init position:    11.6004    5.8373   15.0000
num steps: 3177
minz : 4.04338
kin_loss: 41.5988%


dur: 772.645
init position:     6.6935    3.6192   15.0000
num steps: 6001
minz : 4.15219
kin_loss: 2.44431%


dur: 291.94
init position:     8.8867    2.8300   15.0000
num steps: 2273
minz : 4.10941
kin_loss: 0.258531%


dur: 353.102
init position:     9.0992    3.3820   15.0000
num steps: 2755
minz : 4.35699
kin_loss: 6.63789%


dur: 791.811
init position:     5.7565    3.1084   15.0000
num steps: 6001
minz : 4.0393
kin_loss: 75.7721%


dur: 250.363
init position:     5.9148    4.4858   15.0000
num steps: 1954
minz : 4.04529
kin_loss: 24.6435%


dur: 247.866
init position:     5.6313    4.6957   15.0000
num steps: 1920
minz : 4.043
kin_loss: 48.086%


dur: 524.781
init position:     6.5330    4.1069   15.0000
num steps: 4063
minz : 4.20806
kin_loss: -0.384854%


dur: 782.324
init position:    11.0172    6.0492   15.0000
num steps: 6001
minz : 4.03915
kin_loss: 73.0187%


dur: 303.484
init position:     6.8009    6.2251   15.0000
num steps: 2382
minz : 4.10373
kin_loss: 6.01082%


dur: 256.537
init position:     9.4868    2.3829   15.0000
num steps: 2004
minz : 4.04327
kin_loss: 56.9611%


dur: 328.854
init position:    10.0943    4.5723   15.0000
num steps: 2556
minz : 4.20637
kin_loss: 4.86306%


dur: 247.39
init position:     7.0261    2.6401   15.0000
num steps: 1947
minz : 4.04239
kin_loss: 38.5198%


dur: 255.712
init position:     7.5395    7.1074   15.0000
num steps: 2018
minz : 4.04317
kin_loss: 36.2336%


dur: 262.869
init position:     9.1010    7.1435   15.0000
num steps: 2046
minz : 4.04145
kin_loss: 45.0076%


dur: 319.454
init position:     9.1413    6.0384   15.0000
num steps: 2489
minz : 4.29336
kin_loss: -1.10743%


dur: 341.26
init position:    10.3992    3.9955   15.0000
num steps: 2630
minz : 4.04359
kin_loss: 24.0098%


dur: 356.376
init position:     6.1363    3.8942   15.0000
num steps: 2764
minz : 4.04818
kin_loss: 15.7208%


dur: 306.58
init position:     4.7363    2.3963   15.0000
num steps: 2382
minz : 4.04233
kin_loss: 59.0681%


dur: 332.688
init position:     7.5455    3.0776   15.0000
num steps: 2603
minz : 4.23236
kin_loss: 3.9213%


dur: 206.586
init position:     7.9450    4.8630   15.0000
num steps: 1592
minz : 4.62738
kin_loss: 2.74834%


dur: 228
init position:     8.8009    5.4704   15.0000
num steps: 1769
minz : 4.58307
kin_loss: 6.19001%


dur: 783.083
init position:     5.2586    2.8842   15.0000
num steps: 6001
minz : 4.03884
kin_loss: 60.3487%


dur: 231.179
init position:     7.7843    3.9245   15.0000
num steps: 1800
minz : 4.50816
kin_loss: 1.73134%


dur: 428.443
init position:     9.5993    5.5372   15.0000
num steps: 3325
minz : 4.33733
kin_loss: 1.84236%


dur: 788.255
init position:     4.9628    3.4369   15.0000
num steps: 6001
minz : 4.03923
kin_loss: 71.4382%


dur: 244.853
init position:     9.3314    5.0217   15.0000
num steps: 1902
minz : 4.53812
kin_loss: 4.66947%


dur: 387.285
init position:     8.1882    2.5475   15.0000
num steps: 2990
minz : 4.04594
kin_loss: 12.0935%


dur: 787.757
init position:     9.6780    5.8756   15.0000
num steps: 6001
minz : 4.2639
kin_loss: -8.05851%


dur: 429.495
init position:     8.6334    2.9704   15.0000
num steps: 3326
minz : 4.19195
kin_loss: 3.34888%


dur: 287.872
init position:     5.7955    4.1435   15.0000
num steps: 2244
minz : 4.04171
kin_loss: 52.2152%


dur: 238.548
init position:     7.1430    2.7092   15.0000
num steps: 1836
minz : 4.04631
kin_loss: 16.2035%


dur: 483.659
init position:    10.9092    5.7748   15.0000
num steps: 3774
minz : 4.04042
kin_loss: 86.4142%


dur: 262.852
init position:     8.6401    3.6262   15.0000
num steps: 2050
minz : 4.48834
kin_loss: 3.41011%


dur: 318.568
init position:     8.6547    6.9927   15.0000
num steps: 2468
minz : 4.04386
kin_loss: 17.3067%


dur: 327.536
init position:     8.9397    3.3469   15.0000
num steps: 2550
minz : 4.29731
kin_loss: 2.18661%


dur: 302.85
init position:     7.0439    5.4557   15.0000
num steps: 2341
minz : 4.40123
kin_loss: 1.10577%


dur: 772.12
init position:     6.1918    3.0799   15.0000
num steps: 6001
minz : 4.04181
kin_loss: 80.787%


dur: 437.371
init position:     9.9507    5.2381   15.0000
num steps: 3369
minz : 4.19519
kin_loss: 3.43576%


dur: 269.196
init position:     7.0054    4.9319   15.0000
num steps: 2098
minz : 4.43365
kin_loss: 4.34218%


dur: 294.239
init position:     9.4364    6.2538   15.0000
num steps: 2292
minz : 4.17149
kin_loss: 4.25308%


dur: 218.651
init position:     8.3380    5.4669   15.0000
num steps: 1672
minz : 4.62894
kin_loss: 3.86605%


dur: 270.134
init position:     6.2532    4.8335   15.0000
num steps: 2070
minz : 4.13697
kin_loss: 2.54148%


dur: 321.309
init position:    11.7511    6.3151   15.0000
num steps: 2477
minz : 4.04203
kin_loss: 53.8091%


dur: 335.966
init position:     7.0028    4.0339   15.0000
num steps: 2587
minz : 4.39874
kin_loss: 2.9026%


dur: 243.373
init position:     7.7793    3.8056   15.0000
num steps: 1867
minz : 4.52673
kin_loss: 2.33181%


dur: 332.125
init position:     6.7091    4.5882   15.0000
num steps: 2525
minz : 4.36067
kin_loss: 1.74033%


dur: 349.239
init position:     9.6031    5.3327   15.0000
num steps: 2695
minz : 4.37256
kin_loss: 1.6697%


dur: 352.696
init position:    10.6668    5.8485   15.0000
num steps: 2727
minz : 4.04094
kin_loss: 73.1033%


dur: 261.019
init position:    10.2662    7.0866   15.0000
num steps: 2016
minz : 4.04195
kin_loss: 44.8087%


dur: 346.813
init position:     8.4936    6.8725   15.0000
num steps: 2682
minz : 4.06334
kin_loss: 1.52705%


dur: 217.759
init position:     8.6352    4.1320   15.0000
num steps: 1694
minz : 4.60532
kin_loss: 5.27135%


dur: 243.101
init position:     9.2392    4.3230   15.0000
num steps: 1862
minz : 4.50036
kin_loss: 1.96001%


dur: 209.767
init position:     8.3452    5.2073   15.0000
num steps: 1604
minz : 4.61122
kin_loss: 1.50145%


dur: 260.865
init position:     7.1212    2.4134   15.0000
num steps: 1983
minz : 4.04255
kin_loss: 53.1042%


dur: 249.993
init position:    11.0879    5.1609   15.0000
num steps: 1906
minz : 4.04302
kin_loss: 42.831%


dur: 747.908
init position:     8.1134    3.1374   15.0000
num steps: 6001
minz : 4.30685
kin_loss: 2.85964%


dur: 217.111
init position:     7.7614    5.3558   15.0000
num steps: 1703
minz : 4.57999
kin_loss: 3.64213%


dur: 307.072
init position:     6.2886    2.6353   15.0000
num steps: 2383
minz : 4.03903
kin_loss: 64.8829%


dur: 786.191
init position:     9.7222    5.5652   15.0000
num steps: 6001
minz : 4.28669
kin_loss: 1.75314%


dur: 500.971
init position:     6.7037    5.3495   15.0000
num steps: 3907
minz : 4.30794
kin_loss: 2.82856%


dur: 314.686
init position:     9.9476    6.3455   15.0000
num steps: 2471
minz : 4.0434
kin_loss: 35.4336%


dur: 251.386
init position:     7.0904    7.1085   15.0000
num steps: 1951
minz : 4.04163
kin_loss: 50.5854%


dur: 403.111
init position:    11.6819    6.7757   15.0000
num steps: 3146
minz : 4.03938
kin_loss: 80.6495%


dur: 551.569
init position:     6.1792    3.3054   15.0000
num steps: 4310
minz : 4.04159
kin_loss: 73.6391%


dur: 208.188
init position:     8.0133    4.3871   15.0000
num steps: 1606
minz : 4.61592
kin_loss: 1.8799%


dur: 385.247
init position:     8.5742    2.6195   15.0000
num steps: 2988
minz : 4.04817
kin_loss: 11.0897%


dur: 253.268
init position:     9.5298    6.6734   15.0000
num steps: 1977
minz : 4.04369
kin_loss: 32.1735%


dur: 206.913
init position:     8.0415    5.0278   15.0000
num steps: 1592
minz : 4.65729
kin_loss: 3.64584%


dur: 365.775
init position:     6.5373    4.9527   15.0000
num steps: 2842
minz : 4.29458
kin_loss: 4.00026%


dur: 325.45
init position:     7.5174    6.3955   15.0000
num steps: 2520
minz : 4.23112
kin_loss: 4.52773%


dur: 517.417
init position:     6.3390    5.4373   15.0000
num steps: 4043
minz : 4.14503
kin_loss: 1.30423%


dur: 317.31
init position:    10.3521    3.9661   15.0000
num steps: 2489
minz : 4.04703
kin_loss: 8.70857%


dur: 309.097
init position:    10.4076    6.4886   15.0000
num steps: 2416
minz : 4.04042
kin_loss: 69.8928%


dur: 346.237
init position:    10.0232    3.1292   15.0000
num steps: 2723
minz : 4.04204
kin_loss: 52.7604%


dur: 755.825
init position:     8.0243    6.7795   15.0000
num steps: 6001
minz : 4.12732
kin_loss: 2.30904%


dur: 257.429
init position:     7.0414    6.8606   15.0000
num steps: 2004
minz : 4.04401
kin_loss: 43.9666%


dur: 319.647
init position:     8.1863    6.1769   15.0000
num steps: 2464
minz : 4.36627
kin_loss: 2.453%


dur: 331.775
init position:     6.9932    5.4275   15.0000
num steps: 2564
minz : 4.36397
kin_loss: 2.79765%


dur: 227.445
init position:     8.0192    5.6414   15.0000
num steps: 1758
minz : 4.52721
kin_loss: 3.39568%


dur: 202.758
init position:     8.3845    4.6657   15.0000
num steps: 1575
minz : 4.64613
kin_loss: 2.88545%


dur: 243.599
init position:    10.4600    4.5188   15.0000
num steps: 1896
minz : 4.06615
kin_loss: 2.88405%


dur: 293.052
init position:     6.3404    2.4635   15.0000
num steps: 2271
minz : 4.041
kin_loss: 65.1838%


dur: 207.761
init position:     7.9851    5.1910   15.0000
num steps: 1616
minz : 4.60065
kin_loss: 1.07847%


dur: 406.492
init position:    10.1185    6.0238   15.0000
num steps: 3118
minz : 4.047
kin_loss: 15.4731%


dur: 319.096
init position:     9.4097    3.2388   15.0000
num steps: 2468
minz : 4.20805
kin_loss: 5.39841%


dur: 244.676
init position:     5.4636    4.6318   15.0000
num steps: 1893
minz : 4.04232
kin_loss: 45.6375%


dur: 261.214
init position:    10.9900    5.0640   15.0000
num steps: 2010
minz : 4.04115
kin_loss: 55.847%


dur: 256.409
init position:     6.8400    6.6486   15.0000
num steps: 1990
minz : 4.04401
kin_loss: 29.6105%


dur: 267.36
init position:    10.9304    4.7785   15.0000
num steps: 2068
minz : 4.04095
kin_loss: 60.4417%


dur: 791.057
init position:     5.5640    3.1341   15.0000
num steps: 6001
minz : 4.03924
kin_loss: 83.3453%


dur: 327.024
init position:     9.0480    3.5447   15.0000
num steps: 2545
minz : 4.39059
kin_loss: 5.03505%


dur: 343.028
init position:     9.2759    5.9271   15.0000
num steps: 2681
minz : 4.32518
kin_loss: 2.73235%


dur: 469.753
init position:    10.8469    6.0058   15.0000
num steps: 3625
minz : 4.04015
kin_loss: 90.1688%


dur: 298.026
init position:    11.9233    6.5575   15.0000
num steps: 2323
minz : 4.04153
kin_loss: 63.0667%


dur: 444.496
init position:     7.9528    2.7250   15.0000
num steps: 3455
minz : 4.0928
kin_loss: 1.04926%


dur: 386.79
init position:    10.1551    6.0034   15.0000
num steps: 2994
minz : 4.04327
kin_loss: 24.344%


dur: 203.914
init position:     8.4364    5.0554   15.0000
num steps: 1593
minz : 4.62979
kin_loss: 2.33469%


dur: 461.103
init position:    10.8622    5.6823   15.0000
num steps: 3595
minz : 4.04052
kin_loss: 84.4157%


dur: 273.668
init position:     9.1551    5.6525   15.0000
num steps: 2130
minz : 4.42014
kin_loss: 4.29684%


dur: 268.261
init position:     8.7958    3.6231   15.0000
num steps: 2078
minz : 4.44135
kin_loss: 1.76744%


dur: 277.539
init position:     7.5062    5.8924   15.0000
num steps: 2170
minz : 4.4441
kin_loss: 2.27955%


dur: 318.247
init position:     6.4104    3.1057   15.0000
num steps: 2478
minz : 4.04245
kin_loss: 54.6411%


dur: 327.566
init position:     9.9926    4.5427   15.0000
num steps: 2555
minz : 4.24946
kin_loss: 0.871577%


dur: 340.983
init position:     7.7852    2.6000   15.0000
num steps: 2642
minz : 4.04198
kin_loss: 27.1051%


dur: 250.688
init position:     7.1623    5.2167   15.0000
num steps: 1960
minz : 4.50076
kin_loss: 2.39631%


dur: 256.861
init position:     9.3401    2.4228   15.0000
num steps: 2008
minz : 4.04204
kin_loss: 54.1501%


dur: 792.322
init position:    10.7404    6.1535   15.0000
num steps: 6001
minz : 4.04141
kin_loss: 81.8622%


dur: 793.716
init position:     5.4587    3.2333   15.0000
num steps: 6001
minz : 4.03904
kin_loss: 79.1957%


dur: 215.594
init position:     8.9627    5.0234   15.0000
num steps: 1679
minz : 4.60446
kin_loss: 2.42187%


dur: 258.382
init position:     6.8477    3.0464   15.0000
num steps: 2020
minz : 4.06338
kin_loss: 6.51118%


dur: 332.375
init position:    10.0590    5.0610   15.0000
num steps: 2597
minz : 4.22227
kin_loss: 3.47279%


dur: 262.63
init position:     7.2693    5.5096   15.0000
num steps: 2041
minz : 4.44451
kin_loss: 2.29025%


dur: 271.04
init position:     6.4862    2.4999   15.0000
num steps: 2131
minz : 4.04106
kin_loss: 62.0402%


dur: 337.663
init position:    10.3953    6.8579   15.0000
num steps: 2656
minz : 4.04103
kin_loss: 76.6433%


dur: 264.847
init position:     6.4636    2.7248   15.0000
num steps: 2070
minz : 4.04187
kin_loss: 57.4724%


dur: 349.276
init position:    10.1056    4.3446   15.0000
num steps: 2758
minz : 4.17094
kin_loss: 3.43203%


dur: 282.601
init position:     9.4448    3.1685   15.0000
num steps: 2221
minz : 4.15352
kin_loss: 3.43268%


dur: 236.887
init position:     9.2424    5.0190   15.0000
num steps: 1851
minz : 4.4769
kin_loss: 2.20661%


dur: 367.784
init position:    11.5987    6.8254   15.0000
num steps: 2871
minz : 4.04087
kin_loss: 78.4734%


dur: 313.573
init position:     6.6677    6.1472   15.0000
num steps: 2424
minz : 4.0464
kin_loss: 9.12721%


dur: 367.943
init position:     6.0084    2.6262   15.0000
num steps: 2860
minz : 4.04014
kin_loss: 73.9379%


dur: 274.974
init position:     7.5643    2.6999   15.0000
num steps: 2147
minz : 4.08321
kin_loss: 5.64909%


dur: 338.842
init position:     6.3821    5.0213   15.0000
num steps: 2641
minz : 4.23429
kin_loss: 4.24096%


dur: 292.63
init position:     6.1617    4.1832   15.0000
num steps: 2283
minz : 4.04616
kin_loss: 12.1612%


dur: 462.401
init position:     6.8398    6.1049   15.0000
num steps: 3623
minz : 4.16546
kin_loss: 3.80275%


dur: 464.032
init position:     6.3486    3.7516   15.0000
num steps: 3613
minz : 4.0441
kin_loss: 20.868%


dur: 794.999
init position:     5.3820    3.1194   15.0000
num steps: 6001
minz : 4.03832
kin_loss: 67.9095%


dur: 292.769
init position:     7.5795    2.4268   15.0000
num steps: 2244
minz : 4.04284
kin_loss: 44.2918%


dur: 534.44
init position:     8.0629    6.7987   15.0000
num steps: 4140
minz : 4.11355
kin_loss: 2.97039%


dur: 456.404
init position:    10.0330    5.3413   15.0000
num steps: 3481
minz : 4.20553
kin_loss: 0.360207%


dur: 369.491
init position:     6.9127    3.4228   15.0000
num steps: 2857
minz : 4.17787
kin_loss: 3.11111%


dur: 236.544
init position:     8.1943    3.7320   15.0000
num steps: 1829
minz : 4.54579
kin_loss: 3.03652%


dur: 748.691
init position:     6.5203    5.4543   15.0000
num steps: 6001
minz : 4.19894
kin_loss: 3.82029%


dur: 263.298
init position:     7.2970    5.4729   15.0000
num steps: 2012
minz : 4.44451
kin_loss: 1.41734%


dur: 235.465
init position:     8.7381    3.8738   15.0000
num steps: 1819
minz : 4.53807
kin_loss: 4.93954%


dur: 319.45
init position:     6.9010    3.3072   15.0000
num steps: 2473
minz : 4.13504
kin_loss: 2.06382%


dur: 206.676
init position:     8.1539    4.4017   15.0000
num steps: 1593
minz : 4.61687
kin_loss: 1.51643%


dur: 321.021
init position:     9.5011    4.1253   15.0000
num steps: 2495
minz : 4.40094
kin_loss: 4.89149%


dur: 250.66
init position:     6.1221    4.6477   15.0000
num steps: 1937
minz : 4.08996
kin_loss: 2.66661%


dur: 252.767
init position:     9.3602    5.1298   15.0000
num steps: 1954
minz : 4.4897
kin_loss: 0.740935%


dur: 211.636
init position:     8.5587    4.2333   15.0000
num steps: 1644
minz : 4.64924
kin_loss: 4.59513%


dur: 271.275
init position:     8.9303    2.6883   15.0000
num steps: 2087
minz : 4.05393
kin_loss: 3.88487%


dur: 313.049
init position:     6.8377    4.6709   15.0000
num steps: 2426
minz : 4.38759
kin_loss: 4.66128%


dur: 252.121
init position:     7.2852    5.4028   15.0000
num steps: 1957
minz : 4.50663
kin_loss: 1.80377%


dur: 319.907
init position:     9.2513    3.6894   15.0000
num steps: 2443
minz : 4.31933
kin_loss: -0.31356%


dur: 223.856
init position:     8.5698    5.5627   15.0000
num steps: 1735
minz : 4.5468
kin_loss: 2.05003%


dur: 214.497
init position:     8.0850    5.4899   15.0000
num steps: 1674
minz : 4.60545
kin_loss: 1.8749%


dur: 238.937
init position:     9.2637    4.8391   15.0000
num steps: 1846
minz : 4.52777
kin_loss: 4.92734%


dur: 489.536
init position:    10.0738    3.7759   15.0000
num steps: 3782
minz : 4.14294
kin_loss: 4.8233%


dur: 769.061
init position:     6.8823    3.6763   15.0000
num steps: 6001
minz : 4.2549
kin_loss: -19.6801%


dur: 420.883
init position:     8.6855    7.1111   15.0000
num steps: 3695
minz : 4.04235
kin_loss: 53.1741%


dur: 415.894
init position:    11.0602    5.8948   15.0000
num steps: 3663
minz : 4.04007
kin_loss: 88.8368%

num_trapped_trajs = 19
main_dur = 18410.1
